<?xml version="1.0" encoding="UTF-8"?>
<coverage generated="1696284812008" clover="3.2.0">
  <project timestamp="1696284812008" name="All files">
    <metrics statements="87" coveredstatements="87" conditionals="30" coveredconditionals="30" methods="23" coveredmethods="23" elements="140" coveredelements="140" complexity="0" loc="87" ncloc="87" packages="1" files="1" classes="1"/>
    <file name="index.ts" path="/Users/nikolaj/Documents/github/ra-data-treeql/src/index.ts">
      <metrics statements="87" coveredstatements="87" conditionals="30" coveredconditionals="30" methods="23" coveredmethods="23"/>
      <line num="25" count="1" type="stmt"/>
      <line num="64" count="1" type="stmt"/>
      <line num="79" count="1" type="stmt"/>
      <line num="80" count="1" type="stmt"/>
      <line num="81" count="1" type="stmt"/>
      <line num="85" count="29" type="stmt"/>
      <line num="87" count="36" type="stmt"/>
      <line num="88" count="36" type="cond" truecount="1" falsecount="0"/>
      <line num="89" count="1" type="stmt"/>
      <line num="92" count="35" type="stmt"/>
      <line num="93" count="35" type="stmt"/>
      <line num="94" count="35" type="cond" truecount="3" falsecount="0"/>
      <line num="95" count="17" type="stmt"/>
      <line num="96" count="45" type="stmt"/>
      <line num="98" count="18" type="cond" truecount="3" falsecount="0"/>
      <line num="100" count="10" type="stmt"/>
      <line num="101" count="30" type="stmt"/>
      <line num="104" count="8" type="stmt"/>
      <line num="107" count="1" type="stmt"/>
      <line num="108" count="27" type="cond" truecount="4" falsecount="0"/>
      <line num="110" count="4" type="cond" truecount="1" falsecount="0"/>
      <line num="111" count="3" type="stmt"/>
      <line num="114" count="4" type="cond" truecount="1" falsecount="0"/>
      <line num="115" count="3" type="stmt"/>
      <line num="118" count="3" type="stmt"/>
      <line num="121" count="16" type="stmt"/>
      <line num="135" count="1" type="stmt"/>
      <line num="136" count="86" type="stmt"/>
      <line num="138" count="43" type="stmt"/>
      <line num="139" count="43" type="cond" truecount="2" falsecount="0"/>
      <line num="141" count="41" type="cond" truecount="4" falsecount="0"/>
      <line num="142" count="4" type="stmt"/>
      <line num="143" count="1" type="stmt"/>
      <line num="145" count="41" type="stmt"/>
      <line num="147" count="41" type="cond" truecount="2" falsecount="0"/>
      <line num="150" count="1" type="stmt"/>
      <line num="153" count="3" type="cond" truecount="1" falsecount="0"/>
      <line num="154" count="2" type="cond" truecount="2" falsecount="0"/>
      <line num="157" count="1" type="stmt"/>
      <line num="158" count="1" type="stmt"/>
      <line num="159" count="1" type="stmt"/>
      <line num="160" count="1" type="stmt"/>
      <line num="161" count="1" type="stmt"/>
      <line num="168" count="1" type="stmt"/>
      <line num="169" count="1" type="stmt"/>
      <line num="175" count="1" type="stmt"/>
      <line num="176" count="1" type="stmt"/>
      <line num="177" count="1" type="stmt"/>
      <line num="178" count="1" type="stmt"/>
      <line num="181" count="1" type="stmt"/>
      <line num="182" count="2" type="stmt"/>
      <line num="183" count="2" type="stmt"/>
      <line num="184" count="2" type="cond" truecount="2" falsecount="0"/>
      <line num="187" count="1" type="stmt"/>
      <line num="188" count="1" type="stmt"/>
      <line num="189" count="1" type="stmt"/>
      <line num="190" count="1" type="stmt"/>
      <line num="191" count="1" type="stmt"/>
      <line num="201" count="1" type="stmt"/>
      <line num="202" count="1" type="stmt"/>
      <line num="208" count="1" type="stmt"/>
      <line num="209" count="2" type="stmt"/>
      <line num="210" count="4" type="stmt"/>
      <line num="214" count="2" type="stmt"/>
      <line num="224" count="1" type="stmt"/>
      <line num="225" count="1" type="stmt"/>
      <line num="226" count="2" type="stmt"/>
      <line num="231" count="1" type="stmt"/>
      <line num="234" count="1" type="stmt"/>
      <line num="235" count="1" type="stmt"/>
      <line num="236" count="1" type="stmt"/>
      <line num="240" count="1" type="stmt"/>
      <line num="245" count="1" type="stmt"/>
      <line num="246" count="2" type="stmt"/>
      <line num="247" count="4" type="stmt"/>
      <line num="250" count="2" type="stmt"/>
      <line num="258" count="1" type="stmt"/>
      <line num="259" count="1" type="stmt"/>
      <line num="260" count="2" type="stmt"/>
      <line num="263" count="1" type="stmt"/>
      <line num="266" count="1" type="stmt"/>
      <line num="267" count="30" type="stmt"/>
      <line num="268" count="15" type="cond" truecount="4" falsecount="0"/>
      <line num="269" count="15" type="stmt"/>
      <line num="271" count="1" type="stmt"/>
      <line num="273" count="1" type="stmt"/>
      <line num="275" count="1" type="stmt"/>
    </file>
  </project>
</coverage>
