{"/Users/nikolaj/Documents/github/ra-data-treeql/src/index.ts": {"path":"/Users/nikolaj/Documents/github/ra-data-treeql/src/index.ts","statementMap":{"0":{"start":{"line":25,"column":0},"end":{"line":25,"column":null}},"1":{"start":{"line":64,"column":24},"end":{"line":76,"column":11}},"2":{"start":{"line":79,"column":23},"end":{"line":79,"column":35}},"3":{"start":{"line":80,"column":23},"end":{"line":80,"column":40}},"4":{"start":{"line":81,"column":23},"end":{"line":81,"column":40}},"5":{"start":{"line":85,"column":30},"end":{"line":85,"column":86}},"6":{"start":{"line":85,"column":71},"end":{"line":85,"column":103}},"7":{"start":{"line":87,"column":21},"end":{"line":87,"column":80}},"8":{"start":{"line":87,"column":74},"end":{"line":105,"column":3}},"9":{"start":{"line":87,"column":106},"end":{"line":87,"column":108}},"10":{"start":{"line":87,"column":113},"end":{"line":87,"column":114}},"11":{"start":{"line":88,"column":4},"end":{"line":90,"column":null}},"12":{"start":{"line":89,"column":8},"end":{"line":89,"column":39}},"13":{"start":{"line":92,"column":35},"end":{"line":92,"column":39}},"14":{"start":{"line":93,"column":19},"end":{"line":93,"column":32}},"15":{"start":{"line":94,"column":4},"end":{"line":97,"column":null}},"16":{"start":{"line":95,"column":8},"end":{"line":95,"column":26}},"17":{"start":{"line":96,"column":8},"end":{"line":96,"column":129}},"18":{"start":{"line":96,"column":113},"end":{"line":96,"column":117}},"19":{"start":{"line":98,"column":4},"end":{"line":102,"column":null}},"20":{"start":{"line":100,"column":8},"end":{"line":100,"column":26}},"21":{"start":{"line":101,"column":8},"end":{"line":101,"column":135}},"22":{"start":{"line":101,"column":119},"end":{"line":101,"column":123}},"23":{"start":{"line":104,"column":4},"end":{"line":104,"column":50}},"24":{"start":{"line":107,"column":30},"end":{"line":123,"column":1}},"25":{"start":{"line":108,"column":4},"end":{"line":122,"column":null}},"26":{"start":{"line":110,"column":12},"end":{"line":110,"column":null}},"27":{"start":{"line":110,"column":41},"end":{"line":110,"column":129}},"28":{"start":{"line":111,"column":12},"end":{"line":111,"column":45}},"29":{"start":{"line":114,"column":12},"end":{"line":114,"column":null}},"30":{"start":{"line":114,"column":41},"end":{"line":114,"column":119}},"31":{"start":{"line":115,"column":12},"end":{"line":115,"column":35}},"32":{"start":{"line":118,"column":12},"end":{"line":118,"column":24}},"33":{"start":{"line":121,"column":12},"end":{"line":121,"column":25}},"34":{"start":{"line":135,"column":28},"end":{"line":148,"column":1}},"35":{"start":{"line":136,"column":38},"end":{"line":136,"column":45}},"36":{"start":{"line":136,"column":33},"end":{"line":136,"column":38}},"37":{"start":{"line":138,"column":22},"end":{"line":138,"column":47}},"38":{"start":{"line":139,"column":4},"end":{"line":139,"column":91}},"39":{"start":{"line":139,"column":48},"end":{"line":139,"column":50}},"40":{"start":{"line":139,"column":55},"end":{"line":139,"column":56}},"41":{"start":{"line":139,"column":61},"end":{"line":139,"column":90}},"42":{"start":{"line":141,"column":4},"end":{"line":143,"column":65}},"43":{"start":{"line":142,"column":21},"end":{"line":142,"column":22}},"44":{"start":{"line":142,"column":27},"end":{"line":142,"column":70}},"45":{"start":{"line":143,"column":22},"end":{"line":143,"column":24}},"46":{"start":{"line":143,"column":29},"end":{"line":143,"column":30}},"47":{"start":{"line":143,"column":35},"end":{"line":143,"column":64}},"48":{"start":{"line":145,"column":28},"end":{"line":145,"column":48}},"49":{"start":{"line":147,"column":4},"end":{"line":147,"column":77}},"50":{"start":{"line":135,"column":13},"end":{"line":135,"column":28}},"51":{"start":{"line":150,"column":0},"end":{"line":150,"column":13}},"52":{"start":{"line":153,"column":54},"end":{"line":153,"column":null}},"53":{"start":{"line":153,"column":54},"end":{"line":153,"column":67}},"54":{"start":{"line":154,"column":8},"end":{"line":154,"column":77}},"55":{"start":{"line":157,"column":17},"end":{"line":173,"column":null}},"56":{"start":{"line":158,"column":16},"end":{"line":158,"column":51}},"57":{"start":{"line":159,"column":16},"end":{"line":159,"column":34}},"58":{"start":{"line":160,"column":16},"end":{"line":160,"column":33}},"59":{"start":{"line":161,"column":14},"end":{"line":166,"column":11}},"60":{"start":{"line":168,"column":47},"end":{"line":168,"column":null}},"61":{"start":{"line":168,"column":16},"end":{"line":168,"column":42}},"62":{"start":{"line":169,"column":8},"end":{"line":172,"column":11}},"63":{"start":{"line":175,"column":17},"end":{"line":179,"column":null}},"64":{"start":{"line":176,"column":16},"end":{"line":176,"column":29}},"65":{"start":{"line":177,"column":25},"end":{"line":177,"column":null}},"66":{"start":{"line":177,"column":16},"end":{"line":177,"column":25}},"67":{"start":{"line":178,"column":8},"end":{"line":178,"column":32}},"68":{"start":{"line":181,"column":17},"end":{"line":185,"column":null}},"69":{"start":{"line":182,"column":16},"end":{"line":182,"column":30}},"70":{"start":{"line":183,"column":25},"end":{"line":183,"column":null}},"71":{"start":{"line":183,"column":16},"end":{"line":183,"column":25}},"72":{"start":{"line":184,"column":8},"end":{"line":184,"column":63}},"73":{"start":{"line":187,"column":17},"end":{"line":206,"column":null}},"74":{"start":{"line":188,"column":16},"end":{"line":188,"column":63}},"75":{"start":{"line":189,"column":16},"end":{"line":189,"column":34}},"76":{"start":{"line":190,"column":16},"end":{"line":190,"column":33}},"77":{"start":{"line":191,"column":14},"end":{"line":199,"column":11}},"78":{"start":{"line":201,"column":47},"end":{"line":201,"column":null}},"79":{"start":{"line":201,"column":16},"end":{"line":201,"column":42}},"80":{"start":{"line":202,"column":8},"end":{"line":205,"column":11}},"81":{"start":{"line":208,"column":17},"end":{"line":222,"column":null}},"82":{"start":{"line":209,"column":16},"end":{"line":209,"column":49}},"83":{"start":{"line":210,"column":8},"end":{"line":213,"column":11}},"84":{"start":{"line":214,"column":8},"end":{"line":221,"column":10}},"85":{"start":{"line":224,"column":17},"end":{"line":232,"column":null}},"86":{"start":{"line":225,"column":16},"end":{"line":225,"column":36}},"87":{"start":{"line":226,"column":8},"end":{"line":229,"column":11}},"88":{"start":{"line":231,"column":8},"end":{"line":231,"column":29}},"89":{"start":{"line":234,"column":17},"end":{"line":243,"column":null}},"90":{"start":{"line":235,"column":16},"end":{"line":235,"column":31}},"91":{"start":{"line":236,"column":25},"end":{"line":239,"column":null}},"92":{"start":{"line":236,"column":16},"end":{"line":236,"column":25}},"93":{"start":{"line":240,"column":8},"end":{"line":242,"column":11}},"94":{"start":{"line":245,"column":17},"end":{"line":256,"column":null}},"95":{"start":{"line":246,"column":16},"end":{"line":246,"column":43}},"96":{"start":{"line":247,"column":8},"end":{"line":249,"column":11}},"97":{"start":{"line":250,"column":8},"end":{"line":255,"column":11}},"98":{"start":{"line":258,"column":17},"end":{"line":264,"column":null}},"99":{"start":{"line":259,"column":16},"end":{"line":259,"column":30}},"100":{"start":{"line":260,"column":8},"end":{"line":262,"column":11}},"101":{"start":{"line":263,"column":8},"end":{"line":263,"column":31}},"102":{"start":{"line":266,"column":14},"end":{"line":270,"column":null}},"103":{"start":{"line":267,"column":37},"end":{"line":267,"column":44}},"104":{"start":{"line":267,"column":32},"end":{"line":267,"column":37}},"105":{"start":{"line":268,"column":23},"end":{"line":268,"column":69}},"106":{"start":{"line":269,"column":8},"end":{"line":269,"column":82}},"107":{"start":{"line":271,"column":0},"end":{"line":271,"column":null}},"108":{"start":{"line":150,"column":13},"end":{"line":150,"column":31}},"109":{"start":{"line":273,"column":24},"end":{"line":273,"column":90}},"110":{"start":{"line":273,"column":86},"end":{"line":273,"column":129}},"111":{"start":{"line":275,"column":0},"end":{"line":275,"column":31}}},"fnMap":{"0":{"name":"(anonymous_16)","decl":{"start":{"line":85,"column":30},"end":{"line":85,"column":31}},"loc":{"start":{"line":85,"column":41},"end":{"line":85,"column":86}}},"1":{"name":"(anonymous_17)","decl":{"start":{"line":87,"column":21},"end":{"line":87,"column":22}},"loc":{"start":{"line":87,"column":49},"end":{"line":87,"column":80}}},"2":{"name":"(anonymous_18)","decl":{"start":{"line":87,"column":101},"end":{"line":87,"column":102}},"loc":{"start":{"line":87,"column":114},"end":{"line":105,"column":1}}},"3":{"name":"(anonymous_19)","decl":{"start":{"line":96,"column":108},"end":{"line":96,"column":109}},"loc":{"start":{"line":96,"column":109},"end":{"line":96,"column":114}}},"4":{"name":"(anonymous_20)","decl":{"start":{"line":101,"column":114},"end":{"line":101,"column":115}},"loc":{"start":{"line":101,"column":115},"end":{"line":101,"column":120}}},"5":{"name":"(anonymous_21)","decl":{"start":{"line":107,"column":30},"end":{"line":107,"column":31}},"loc":{"start":{"line":107,"column":67},"end":{"line":123,"column":1}}},"6":{"name":"(anonymous_22)","decl":{"start":{"line":135,"column":28},"end":{"line":135,"column":29}},"loc":{"start":{"line":135,"column":44},"end":{"line":148,"column":1}}},"7":{"name":"(anonymous_23)","decl":{"start":{"line":139,"column":43},"end":{"line":139,"column":44}},"loc":{"start":{"line":139,"column":56},"end":{"line":139,"column":70}}},"8":{"name":"(anonymous_24)","decl":{"start":{"line":142,"column":16},"end":{"line":142,"column":17}},"loc":{"start":{"line":142,"column":22},"end":{"line":142,"column":28}}},"9":{"name":"(anonymous_25)","decl":{"start":{"line":143,"column":17},"end":{"line":143,"column":18}},"loc":{"start":{"line":143,"column":30},"end":{"line":143,"column":44}}},"10":{"name":"(anonymous_26)","decl":{"start":{"line":150,"column":0},"end":{"line":150,"column":13}},"loc":{"start":{"line":150,"column":0},"end":{"line":271,"column":null}}},"11":{"name":"TreeQLDataProvider","decl":{"start":{"line":153,"column":4},"end":{"line":153,"column":23}},"loc":{"start":{"line":153,"column":87},"end":{"line":155,"column":5}}},"12":{"name":"(anonymous_28)","decl":{"start":{"line":157,"column":4},"end":{"line":157,"column":17}},"loc":{"start":{"line":157,"column":105},"end":{"line":173,"column":null}}},"13":{"name":"(anonymous_31)","decl":{"start":{"line":175,"column":4},"end":{"line":175,"column":17}},"loc":{"start":{"line":175,"column":115},"end":{"line":179,"column":null}}},"14":{"name":"(anonymous_34)","decl":{"start":{"line":181,"column":4},"end":{"line":181,"column":17}},"loc":{"start":{"line":181,"column":105},"end":{"line":185,"column":null}}},"15":{"name":"(anonymous_37)","decl":{"start":{"line":187,"column":4},"end":{"line":187,"column":17}},"loc":{"start":{"line":187,"column":123},"end":{"line":206,"column":null}}},"16":{"name":"(anonymous_40)","decl":{"start":{"line":208,"column":4},"end":{"line":208,"column":17}},"loc":{"start":{"line":208,"column":115},"end":{"line":222,"column":null}}},"17":{"name":"(anonymous_43)","decl":{"start":{"line":224,"column":4},"end":{"line":224,"column":17}},"loc":{"start":{"line":224,"column":123},"end":{"line":232,"column":null}}},"18":{"name":"(anonymous_46)","decl":{"start":{"line":234,"column":4},"end":{"line":234,"column":17}},"loc":{"start":{"line":234,"column":115},"end":{"line":243,"column":null}}},"19":{"name":"(anonymous_49)","decl":{"start":{"line":245,"column":4},"end":{"line":245,"column":17}},"loc":{"start":{"line":245,"column":115},"end":{"line":256,"column":null}}},"20":{"name":"(anonymous_52)","decl":{"start":{"line":258,"column":4},"end":{"line":258,"column":17}},"loc":{"start":{"line":258,"column":123},"end":{"line":264,"column":null}}},"21":{"name":"(anonymous_55)","decl":{"start":{"line":266,"column":4},"end":{"line":266,"column":14}},"loc":{"start":{"line":266,"column":54},"end":{"line":270,"column":5}}},"22":{"name":"(anonymous_56)","decl":{"start":{"line":273,"column":24},"end":{"line":273,"column":25}},"loc":{"start":{"line":273,"column":81},"end":{"line":273,"column":90}}}},"branchMap":{"0":{"loc":{"start":{"line":88,"column":4},"end":{"line":90,"column":null}},"type":"if","locations":[{"start":{"line":88,"column":4},"end":{"line":90,"column":null}}]},"1":{"loc":{"start":{"line":94,"column":4},"end":{"line":97,"column":null}},"type":"if","locations":[{"start":{"line":94,"column":4},"end":{"line":97,"column":null}}]},"2":{"loc":{"start":{"line":94,"column":8},"end":{"line":94,"column":66}},"type":"binary-expr","locations":[{"start":{"line":94,"column":8},"end":{"line":94,"column":33}},{"start":{"line":94,"column":37},"end":{"line":94,"column":66}}]},"3":{"loc":{"start":{"line":98,"column":4},"end":{"line":102,"column":null}},"type":"if","locations":[{"start":{"line":98,"column":4},"end":{"line":102,"column":null}}]},"4":{"loc":{"start":{"line":98,"column":8},"end":{"line":98,"column":67}},"type":"binary-expr","locations":[{"start":{"line":98,"column":8},"end":{"line":98,"column":34}},{"start":{"line":98,"column":38},"end":{"line":98,"column":67}}]},"5":{"loc":{"start":{"line":108,"column":4},"end":{"line":122,"column":null}},"type":"switch","locations":[{"start":{"line":109,"column":8},"end":{"line":111,"column":45}},{"start":{"line":113,"column":8},"end":{"line":115,"column":35}},{"start":{"line":117,"column":8},"end":{"line":118,"column":24}},{"start":{"line":120,"column":8},"end":{"line":121,"column":25}}]},"6":{"loc":{"start":{"line":110,"column":12},"end":{"line":110,"column":null}},"type":"if","locations":[{"start":{"line":110,"column":12},"end":{"line":110,"column":null}}]},"7":{"loc":{"start":{"line":114,"column":12},"end":{"line":114,"column":null}},"type":"if","locations":[{"start":{"line":114,"column":12},"end":{"line":114,"column":null}}]},"8":{"loc":{"start":{"line":139,"column":4},"end":{"line":139,"column":90}},"type":"binary-expr","locations":[{"start":{"line":139,"column":4},"end":{"line":139,"column":10}},{"start":{"line":139,"column":14},"end":{"line":139,"column":90}}]},"9":{"loc":{"start":{"line":141,"column":19},"end":{"line":141,"column":29}},"type":"cond-expr","locations":[{"start":{"line":141,"column":19},"end":{"line":141,"column":23}},{"start":{"line":141,"column":27},"end":{"line":141,"column":29}}]},"10":{"loc":{"start":{"line":141,"column":19},"end":{"line":141,"column":27}},"type":"binary-expr","locations":[{"start":{"line":141,"column":19},"end":{"line":141,"column":27}},{"start":{"line":141,"column":19},"end":{"line":141,"column":27}}]},"11":{"loc":{"start":{"line":147,"column":11},"end":{"line":147,"column":76}},"type":"cond-expr","locations":[{"start":{"line":147,"column":30},"end":{"line":147,"column":32}},{"start":{"line":147,"column":35},"end":{"line":147,"column":76}}]},"12":{"loc":{"start":{"line":153,"column":54},"end":{"line":153,"column":null}},"type":"if","locations":[{"start":{"line":153,"column":54},"end":{"line":153,"column":null}}]},"13":{"loc":{"start":{"line":154,"column":22},"end":{"line":154,"column":76}},"type":"cond-expr","locations":[{"start":{"line":154,"column":46},"end":{"line":154,"column":66}},{"start":{"line":154,"column":69},"end":{"line":154,"column":76}}]},"14":{"loc":{"start":{"line":184,"column":24},"end":{"line":184,"column":59}},"type":"cond-expr","locations":[{"start":{"line":184,"column":46},"end":{"line":184,"column":50}},{"start":{"line":184,"column":53},"end":{"line":184,"column":59}}]},"15":{"loc":{"start":{"line":268,"column":23},"end":{"line":268,"column":69}},"type":"cond-expr","locations":[{"start":{"line":268,"column":28},"end":{"line":268,"column":36}},{"start":{"line":268,"column":39},"end":{"line":268,"column":69}}]},"16":{"loc":{"start":{"line":268,"column":39},"end":{"line":268,"column":69}},"type":"cond-expr","locations":[{"start":{"line":268,"column":45},"end":{"line":268,"column":64}},{"start":{"line":268,"column":67},"end":{"line":268,"column":69}}]}},"s":{"0":1,"1":1,"2":1,"3":1,"4":1,"5":1,"6":29,"7":1,"8":33,"9":36,"10":36,"11":36,"12":1,"13":35,"14":35,"15":35,"16":17,"17":17,"18":45,"19":18,"20":10,"21":10,"22":30,"23":8,"24":1,"25":27,"26":4,"27":1,"28":3,"29":4,"30":1,"31":3,"32":3,"33":16,"34":1,"35":86,"36":43,"37":43,"38":43,"39":34,"40":34,"41":34,"42":41,"43":4,"44":4,"45":1,"46":1,"47":1,"48":41,"49":41,"50":1,"51":1,"52":3,"53":2,"54":2,"55":1,"56":1,"57":1,"58":1,"59":1,"60":1,"61":1,"62":1,"63":1,"64":1,"65":1,"66":1,"67":1,"68":1,"69":2,"70":2,"71":2,"72":2,"73":1,"74":1,"75":1,"76":1,"77":1,"78":1,"79":1,"80":1,"81":1,"82":2,"83":4,"84":2,"85":1,"86":1,"87":2,"88":1,"89":1,"90":1,"91":1,"92":1,"93":1,"94":1,"95":2,"96":4,"97":2,"98":1,"99":1,"100":2,"101":1,"102":1,"103":30,"104":15,"105":15,"106":15,"107":1,"108":1,"109":1,"110":1,"111":1},"f":{"0":29,"1":33,"2":36,"3":45,"4":30,"5":27,"6":43,"7":34,"8":4,"9":1,"10":1,"11":2,"12":1,"13":1,"14":2,"15":1,"16":2,"17":1,"18":1,"19":2,"20":1,"21":15,"22":1},"b":{"0":[1],"1":[17],"2":[35,18],"3":[10],"4":[18,11],"5":[4,4,3,16],"6":[1],"7":[1],"8":[43,33],"9":[2,39],"10":[41,41],"11":[10,31],"12":[1],"13":[1,1],"14":[1,1],"15":[5,10],"16":[4,6]}}
}
