TN:
SF:src/index.ts
FN:85,(anonymous_16)
FN:87,(anonymous_17)
FN:87,(anonymous_18)
FN:96,(anonymous_19)
FN:101,(anonymous_20)
FN:107,(anonymous_21)
FN:135,(anonymous_22)
FN:139,(anonymous_23)
FN:142,(anonymous_24)
FN:143,(anonymous_25)
FN:150,(anonymous_26)
FN:153,TreeQLDataProvider
FN:157,(anonymous_28)
FN:175,(anonymous_31)
FN:181,(anonymous_34)
FN:187,(anonymous_37)
FN:208,(anonymous_40)
FN:224,(anonymous_43)
FN:234,(anonymous_46)
FN:245,(anonymous_49)
FN:258,(anonymous_52)
FN:266,(anonymous_55)
FN:273,(anonymous_56)
FNF:23
FNH:23
FNDA:29,(anonymous_16)
FNDA:33,(anonymous_17)
FNDA:36,(anonymous_18)
FNDA:45,(anonymous_19)
FNDA:30,(anonymous_20)
FNDA:27,(anonymous_21)
FNDA:43,(anonymous_22)
FNDA:34,(anonymous_23)
FNDA:4,(anonymous_24)
FNDA:1,(anonymous_25)
FNDA:1,(anonymous_26)
FNDA:2,TreeQLDataProvider
FNDA:1,(anonymous_28)
FNDA:1,(anonymous_31)
FNDA:2,(anonymous_34)
FNDA:1,(anonymous_37)
FNDA:2,(anonymous_40)
FNDA:1,(anonymous_43)
FNDA:1,(anonymous_46)
FNDA:2,(anonymous_49)
FNDA:1,(anonymous_52)
FNDA:15,(anonymous_55)
FNDA:1,(anonymous_56)
DA:25,1
DA:64,1
DA:79,1
DA:80,1
DA:81,1
DA:85,29
DA:87,36
DA:88,36
DA:89,1
DA:92,35
DA:93,35
DA:94,35
DA:95,17
DA:96,45
DA:98,18
DA:100,10
DA:101,30
DA:104,8
DA:107,1
DA:108,27
DA:110,4
DA:111,3
DA:114,4
DA:115,3
DA:118,3
DA:121,16
DA:135,1
DA:136,86
DA:138,43
DA:139,43
DA:141,41
DA:142,4
DA:143,1
DA:145,41
DA:147,41
DA:150,1
DA:153,3
DA:154,2
DA:157,1
DA:158,1
DA:159,1
DA:160,1
DA:161,1
DA:168,1
DA:169,1
DA:175,1
DA:176,1
DA:177,1
DA:178,1
DA:181,1
DA:182,2
DA:183,2
DA:184,2
DA:187,1
DA:188,1
DA:189,1
DA:190,1
DA:191,1
DA:201,1
DA:202,1
DA:208,1
DA:209,2
DA:210,4
DA:214,2
DA:224,1
DA:225,1
DA:226,2
DA:231,1
DA:234,1
DA:235,1
DA:236,1
DA:240,1
DA:245,1
DA:246,2
DA:247,4
DA:250,2
DA:258,1
DA:259,1
DA:260,2
DA:263,1
DA:266,1
DA:267,30
DA:268,15
DA:269,15
DA:271,1
DA:273,1
DA:275,1
LF:87
LH:87
BRDA:88,0,0,1
BRDA:94,1,0,17
BRDA:94,2,0,35
BRDA:94,2,1,18
BRDA:98,3,0,10
BRDA:98,4,0,18
BRDA:98,4,1,11
BRDA:108,5,0,4
BRDA:108,5,1,4
BRDA:108,5,2,3
BRDA:108,5,3,16
BRDA:110,6,0,1
BRDA:114,7,0,1
BRDA:139,8,0,43
BRDA:139,8,1,33
BRDA:141,9,0,2
BRDA:141,9,1,39
BRDA:141,10,0,41
BRDA:141,10,1,41
BRDA:147,11,0,10
BRDA:147,11,1,31
BRDA:153,12,0,1
BRDA:154,13,0,1
BRDA:154,13,1,1
BRDA:184,14,0,1
BRDA:184,14,1,1
BRDA:268,15,0,5
BRDA:268,15,1,10
BRDA:268,16,0,4
BRDA:268,16,1,6
BRF:30
BRH:30
end_of_record
